This is pdfTeX, Version 3.141592653-2.6-1.40.24 (TeX Live 2022) (preloaded format=pdflatex 2022.9.7)  22 SEP 2022 23:40
entering extended mode
 restricted \write18 enabled.
 file:line:error style messages enabled.
 %&-line parsing enabled.
**B561-Fall-2022-assignment2.tex
(./B561-Fall-2022-assignment2.tex
LaTeX2e <2021-11-15> patch level 1
L3 programming layer <2022-02-24>
(/usr/local/texlive/2022/texmf-dist/tex/latex/base/article.cls
Document Class: article 2021/10/04 v1.4n Standard LaTeX document class
(/usr/local/texlive/2022/texmf-dist/tex/latex/base/size11.clo
File: size11.clo 2021/10/04 v1.4n Standard LaTeX file (size option)
)
\c@part=\count185
\c@section=\count186
\c@subsection=\count187
\c@subsubsection=\count188
\c@paragraph=\count189
\c@subparagraph=\count190
\c@figure=\count191
\c@table=\count192
\abovecaptionskip=\skip47
\belowcaptionskip=\skip48
\bibindent=\dimen138
)
(/usr/local/texlive/2022/texmf-dist/tex/latex/enumitem/enumitem.sty
Package: enumitem 2019/06/20 v3.9 Customized lists
\enitkv@toks@=\toks16
\labelindent=\skip49
\enit@outerparindent=\dimen139
\enit@toks=\toks17
\enit@inbox=\box50
\enit@count@id=\count193
\enitdp@description=\count194
)
(/usr/local/texlive/2022/texmf-dist/tex/latex/amsfonts/amssymb.sty
Package: amssymb 2013/01/14 v3.01 AMS font symbols

(/usr/local/texlive/2022/texmf-dist/tex/latex/amsfonts/amsfonts.sty
Package: amsfonts 2013/01/14 v3.01 Basic AMSFonts support
\@emptytoks=\toks18
\symAMSa=\mathgroup4
\symAMSb=\mathgroup5
LaTeX Font Info:    Redeclaring math symbol \hbar on input line 98.
LaTeX Font Info:    Overwriting math alphabet `\mathfrak' in version `bold'
(Font)                  U/euf/m/n --> U/euf/b/n on input line 106.
))
(/usr/local/texlive/2022/texmf-dist/tex/latex/amsmath/amsmath.sty
Package: amsmath 2021/10/15 v2.17l AMS math features
\@mathmargin=\skip50

For additional information on amsmath, use the `?' option.
(/usr/local/texlive/2022/texmf-dist/tex/latex/amsmath/amstext.sty
Package: amstext 2021/08/26 v2.01 AMS text

(/usr/local/texlive/2022/texmf-dist/tex/latex/amsmath/amsgen.sty
File: amsgen.sty 1999/11/30 v2.0 generic functions
\@emptytoks=\toks19
\ex@=\dimen140
))
(/usr/local/texlive/2022/texmf-dist/tex/latex/amsmath/amsbsy.sty
Package: amsbsy 1999/11/29 v1.2d Bold Symbols
\pmbraise@=\dimen141
)
(/usr/local/texlive/2022/texmf-dist/tex/latex/amsmath/amsopn.sty
Package: amsopn 2021/08/26 v2.02 operator names
)
\inf@bad=\count195
LaTeX Info: Redefining \frac on input line 234.
\uproot@=\count196
\leftroot@=\count197
LaTeX Info: Redefining \overline on input line 399.
\classnum@=\count198
\DOTSCASE@=\count199
LaTeX Info: Redefining \ldots on input line 496.
LaTeX Info: Redefining \dots on input line 499.
LaTeX Info: Redefining \cdots on input line 620.
\Mathstrutbox@=\box51
\strutbox@=\box52
\big@size=\dimen142
LaTeX Font Info:    Redeclaring font encoding OML on input line 743.
LaTeX Font Info:    Redeclaring font encoding OMS on input line 744.
\macc@depth=\count266
\c@MaxMatrixCols=\count267
\dotsspace@=\muskip16
\c@parentequation=\count268
\dspbrk@lvl=\count269
\tag@help=\toks20
\row@=\count270
\column@=\count271
\maxfields@=\count272
\andhelp@=\toks21
\eqnshift@=\dimen143
\alignsep@=\dimen144
\tagshift@=\dimen145
\tagwidth@=\dimen146
\totwidth@=\dimen147
\lineht@=\dimen148
\@envbody=\toks22
\multlinegap=\skip51
\multlinetaggap=\skip52
\mathdisplay@stack=\toks23
LaTeX Info: Redefining \[ on input line 2938.
LaTeX Info: Redefining \] on input line 2939.
)
(/usr/local/texlive/2022/texmf-dist/tex/latex/graphics/color.sty
Package: color 2021/12/07 v1.3c Standard LaTeX Color (DPC)

(/usr/local/texlive/2022/texmf-dist/tex/latex/graphics-cfg/color.cfg
File: color.cfg 2016/01/02 v1.6 sample color configuration
)
Package color Info: Driver file: pdftex.def on input line 149.

(/usr/local/texlive/2022/texmf-dist/tex/latex/graphics-def/pdftex.def
File: pdftex.def 2020/10/05 v1.2a Graphics/color driver for pdftex
))
\c@example=\count273

(/usr/local/texlive/2022/texmf-dist/tex/latex/l3backend/l3backend-pdftex.def
File: l3backend-pdftex.def 2022-02-07 L3 backend support: PDF output (pdfTeX)
\l__color_backend_stack_int=\count274
\l__pdf_internal_box=\box53
)
(./B561-Fall-2022-assignment2.aux)
\openout1 = `B561-Fall-2022-assignment2.aux'.

LaTeX Font Info:    Checking defaults for OML/cmm/m/it on input line 18.
LaTeX Font Info:    ... okay on input line 18.
LaTeX Font Info:    Checking defaults for OMS/cmsy/m/n on input line 18.
LaTeX Font Info:    ... okay on input line 18.
LaTeX Font Info:    Checking defaults for OT1/cmr/m/n on input line 18.
LaTeX Font Info:    ... okay on input line 18.
LaTeX Font Info:    Checking defaults for T1/cmr/m/n on input line 18.
LaTeX Font Info:    ... okay on input line 18.
LaTeX Font Info:    Checking defaults for TS1/cmr/m/n on input line 18.
LaTeX Font Info:    ... okay on input line 18.
LaTeX Font Info:    Checking defaults for OMX/cmex/m/n on input line 18.
LaTeX Font Info:    ... okay on input line 18.
LaTeX Font Info:    Checking defaults for U/cmr/m/n on input line 18.
LaTeX Font Info:    ... okay on input line 18.

(/usr/local/texlive/2022/texmf-dist/tex/context/base/mkii/supp-pdf.mkii
[Loading MPS to PDF converter (version 2006.09.02).]
\scratchcounter=\count275
\scratchdimen=\dimen149
\scratchbox=\box54
\nofMPsegments=\count276
\nofMParguments=\count277
\everyMPshowfont=\toks24
\MPscratchCnt=\count278
\MPscratchDim=\dimen150
\MPnumerator=\count279
\makeMPintoPDFobject=\count280
\everyMPtoPDFconversion=\toks25
)
LaTeX Font Info:    Trying to load font information for U+msa on input line 23.

 (/usr/local/texlive/2022/texmf-dist/tex/latex/amsfonts/umsa.fd
File: umsa.fd 2013/01/14 v3.01 AMS symbols A
)
LaTeX Font Info:    Trying to load font information for U+msb on input line 23.


(/usr/local/texlive/2022/texmf-dist/tex/latex/amsfonts/umsb.fd
File: umsb.fd 2013/01/14 v3.01 AMS symbols B
)
Overfull \hbox (32.27307pt too wide) in paragraph at lines 38--41
\OT1/cmr/m/n/10.95 state-ments that solve the prob-lems in this as-sign-ment. T
he \OT1/cmtt/m/n/10.95 assignment2.sql
 []

[1

{/usr/local/texlive/2022/texmf-var/fonts/map/pdftex/updmap/pdftex.map}]
Overfull \hbox (6.13249pt too wide) in paragraph at lines 60--61
[]\OT1/cmr/m/n/12 For the prob-lems in this as-sign-ment we will use the fol-lo
w-ing database
 []

[2] [3]
Overfull \hbox (34.94514pt too wide) in paragraph at lines 121--122
[]\OT1/cmr/m/n/12 The sub-query ex-pres-sions `\OT1/cmtt/m/n/12 some\OT1/cmr/m/
n/12 ', `\OT1/cmtt/m/n/12 all\OT1/cmr/m/n/12 ', [`\OT1/cmtt/m/n/12 not\OT1/cmr/
m/n/12 '] ``\OT1/cmtt/m/n/12 exists\OT1/cmr/m/n/12 '', [`\OT1/cmtt/m/n/12 not\O
T1/cmr/m/n/12 '] `\OT1/cmtt/m/n/12 exists\OT1/cmr/m/n/12 '
 []

[4]
Overfull \hbox (54.64548pt too wide) detected at line 186
[]
 []


Overfull \hbox (7.4968pt too wide) in paragraph at lines 202--202
[]                          \OT1/cmtt/m/n/10 (t.bno, b.bno) not in (select c.bn
o1, c.bno2[] 
 []


Overfull \hbox (44.79826pt too wide) detected at line 212
[]
 []

[5]
Overfull \hbox (54.82056pt too wide) in paragraph at lines 235--235
 []                   \OT1/cmtt/m/n/9 where  (s1.sid, b.bno) in (select t.sid, 
t.bno from Buys t) and[] 
 []


Overfull \hbox (45.37067pt too wide) in paragraph at lines 235--235
 []                          \OT1/cmtt/m/n/9 (s2.sid, b.bno) in (select t.sid, 
t.bno from Buys t));[] 
 []


Underfull \hbox (badness 10000) in paragraph at lines 238--241

 []


Overfull \hbox (175.15263pt too wide) detected at line 248
[]
 []


Overfull \hbox (87.89517pt too wide) in paragraph at lines 272--272
 []                          \OT1/cmtt/m/n/9 true = some (select (t.sid,m.major
) in (select hm.sid, hm.major[] 
 []


Overfull \hbox (92.62012pt too wide) in paragraph at lines 272--272
 []                                                                  \OT1/cmtt/
m/n/9 from   hasMajor hm)) and[] 
 []


Underfull \hbox (badness 10000) in paragraph at lines 275--276

 []

[6]
Overfull \hbox (80.66064pt too wide) detected at line 288
[]
 []


Overfull \hbox (68.02394pt too wide) detected at line 320
[]
 []


Overfull \hbox (81.1487pt too wide) detected at line 330
[]
 []

[7]
Overfull \hbox (19.91493pt too wide) detected at line 341
[]
 []


Overfull \hbox (68.99539pt too wide) in paragraph at lines 359--359
 []                                               \OT1/cmtt/m/n/9 (hm.major = '
CS' or hm.major = 'Math')[] 
 []


Overfull \hbox (59.5455pt too wide) in paragraph at lines 375--375
 []                                             \OT1/cmtt/m/n/9 (hm.major = 'CS
' or hm.major = 'Math')[] 
 []

[8]
Overfull \hbox (35.92078pt too wide) in paragraph at lines 396--396
 []                                     \OT1/cmtt/m/n/9 (hm.major = 'CS' or hm.
major = 'Math')));[] 
 []


Overfull \hbox (45.37067pt too wide) in paragraph at lines 414--414
 []                                  \OT1/cmtt/m/n/9 where  hm.major = 'CS' or 
hm.major = 'Math'));[] 
 []

[9]
Overfull \hbox (129.05014pt too wide) detected at line 456
[]
 []


Overfull \hbox (98.58359pt too wide) detected at line 470
[]
 []


Overfull \hbox (122.53029pt too wide) detected at line 500
[]
 []

[10]
Overfull \hbox (63.02211pt too wide) detected at line 533
[]
 []

[11] [12]

LaTeX Warning: Reference `TranslateSQL' on page 13 undefined on input line 582.



LaTeX Warning: Reference `PureSQL' on page 13 undefined on input line 582.


LaTeX Warning: Reference `queriesWithSubexpressions' on page 13 undefined on in
put line 607.


LaTeX Warning: Reference `PureSQL' on page 13 undefined on input line 607.


Overfull \hbox (9.94635pt too wide) detected at line 624
[]
 []

[13] [14]
Overfull \hbox (8.76611pt too wide) in paragraph at lines 664--667
\OT1/cmr/m/it/12 con-di-tion `\OT1/cmtt/m/n/12 major = 'CS' or major = 'Math'\O
T1/cmr/m/it/12 ', with the \OT1/cmtt/m/n/12 hasMajor
 []


Overfull \hbox (68.263pt too wide) in paragraph at lines 685--687
[]\OT1/cmr/m/it/12 We con-clude with a so-lu-tion that us-ing a tem-po-rary vie
w `\OT1/cmtt/m/n/12 CS[]or[]Math[]Student\OT1/cmr/m/it/12 ': 
 []


LaTeX Warning: Reference `queryOne' on page 15 undefined on input line 712.

[15]

LaTeX Warning: Reference `queryTwo' on page 16 undefined on input line 736.


Overfull \hbox (40.2783pt too wide) detected at line 749
[]
 []


LaTeX Warning: Reference `queryThree' on page 16 undefined on input line 757.


Overfull \hbox (40.88187pt too wide) detected at line 771
[]
 []


LaTeX Warning: Reference `queryFour' on page 16 undefined on input line 779.


Overfull \hbox (51.60419pt too wide) in paragraph at lines 785--789
\OT1/cmr/m/n/12 RA = $\OML/cmm/m/it/12 ^^Y[]\OT1/cmr/m/n/12 (((\OML/cmm/m/it/12
 ^^Y[]\OT1/cmr/m/n/12 (\OML/cmm/m/it/12 ^^[[]\OT1/cmr/m/n/12 (\OML/cmm/m/it/12 
CS\OT1/cmr/m/n/12 (\OML/cmm/m/it/12 cs\OT1/cmr/m/n/12 ) \OML/cmm/m/it/12 .[]/ B
OOK\OT1/cmr/m/n/12 (\OML/cmm/m/it/12 b\OT1/cmr/m/n/12 )))) \OMS/cmsy/m/n/12 ^^@

 []


Overfull \hbox (3.71169pt too wide) in paragraph at lines 785--789
\OT1/cmr/m/n/12 (\OML/cmm/m/it/12 ^^Y[]\OT1/cmr/m/n/12 (\OML/cmm/m/it/12 ^^[[]\
OT1/cmr/m/n/12 (\OML/cmm/m/it/12 CS\OT1/cmr/m/n/12 (\OML/cmm/m/it/12 cs\OT1/cmr
/m/n/12 ) \OML/cmm/m/it/12 .[]/
 []


Underfull \hbox (badness 10000) in paragraph at lines 785--789

 []

[16]

LaTeX Warning: Reference `queryFive' on page 17 undefined on input line 797.


Overfull \hbox (55.09097pt too wide) detected at line 812
[]
 []

[17] [18] [19]

LaTeX Warning: Reference `constraintOne' on page 20 undefined on input line 895
.


LaTeX Warning: Reference `constraintTwo' on page 20 undefined on input line 896
.


Underfull \hbox (badness 10000) in paragraph at lines 899--900

 []


Overfull \hbox (69.53381pt too wide) detected at line 911
\OML/cmm/m/it/12 ^^Y[]\OT1/cmr/m/n/12 (\OML/cmm/m/it/12 T .[]/[] hM[]\OT1/cmr/m
/n/12 ) \OMS/cmsy/m/n/12 ^^R \OML/cmm/m/it/12 ^^Y[]\OT1/cmr/m/n/12 (\OML/cmm/m/
it/12 ^^[[]\OT1/cmr/m/n/12 (\OML/cmm/m/it/12 T[] .[]/[] hM[]\OT1/cmr/m/n/12 ))
 []


LaTeX Warning: Reference `constraintOne' on page 20 undefined on input line 929
.


LaTeX Warning: Reference `constraintTwo' on page 20 undefined on input line 929
.

[20]
Overfull \hbox (15.09862pt too wide) in paragraph at lines 968--970
[]$[][]$ \OT1/cmr/m/n/12 De-fine a pa-ram-e-ter-ized view `\OT1/cmtt/m/n/12 Joi
ntlyBoughtBook(sid1 integer,
 []


Overfull \hbox (15.07388pt too wide) in paragraph at lines 977--978
[]\OT1/cmr/m/n/12 If $\OML/cmm/m/it/12 n$ \OT1/cmr/m/n/12 is a node in $[]$, th
en the pair $(\OML/cmm/m/it/12 n; n\OT1/cmr/m/n/12 )$ is in the \OT1/cmtt/m/n/1
2 sameGeneration
 []

[21] [22]
Overfull \hbox (12.25658pt too wide) in paragraph at lines 1003--1007
[]$[][]$ \OT1/cmr/m/n/12 Prove that for each RA ex-pres-sion `$\OML/cmm/m/it/12
 E$\OT1/cmr/m/n/12 ' with at-tributes $(\OML/cmm/m/it/12 A[]; [] ; A[]\OT1/cmr/
m/n/12 )$,
 []

[23] (./B561-Fall-2022-assignment2.aux)

LaTeX Warning: There were undefined references.


LaTeX Warning: Label(s) may have changed. Rerun to get cross-references right.

 ) 
Here is how much of TeX's memory you used:
 2621 strings out of 478268
 38027 string characters out of 5846348
 339564 words of memory out of 5000000
 20825 multiletter control sequences out of 15000+600000
 484892 words of font info for 89 fonts, out of 8000000 for 9000
 1141 hyphenation exceptions out of 8191
 54i,12n,62p,411b,485s stack positions out of 10000i,1000n,20000p,200000b,200000s
{/usr/local/texlive/2022/texmf-dist/fonts/enc/dvips/cm-super/cm-super-ts1.enc
}</usr/local/texlive/2022/texmf-dist/fonts/type1/public/amsfonts/cm/cmbx10.pfb>
</usr/local/texlive/2022/texmf-dist/fonts/type1/public/amsfonts/cm/cmbx12.pfb><
/usr/local/texlive/2022/texmf-dist/fonts/type1/public/amsfonts/cm/cmbx8.pfb></u
sr/local/texlive/2022/texmf-dist/fonts/type1/public/amsfonts/cm/cmex10.pfb></us
r/local/texlive/2022/texmf-dist/fonts/type1/public/amsfonts/cm/cmmi10.pfb></usr
/local/texlive/2022/texmf-dist/fonts/type1/public/amsfonts/cm/cmmi12.pfb></usr/
local/texlive/2022/texmf-dist/fonts/type1/public/amsfonts/cm/cmmi6.pfb></usr/lo
cal/texlive/2022/texmf-dist/fonts/type1/public/amsfonts/cm/cmmi8.pfb></usr/loca
l/texlive/2022/texmf-dist/fonts/type1/public/amsfonts/cm/cmr10.pfb></usr/local/
texlive/2022/texmf-dist/fonts/type1/public/amsfonts/cm/cmr12.pfb></usr/local/te
xlive/2022/texmf-dist/fonts/type1/public/amsfonts/cm/cmr17.pfb></usr/local/texl
ive/2022/texmf-dist/fonts/type1/public/amsfonts/cm/cmr6.pfb></usr/local/texlive
/2022/texmf-dist/fonts/type1/public/amsfonts/cm/cmr8.pfb></usr/local/texlive/20
22/texmf-dist/fonts/type1/public/amsfonts/cm/cmr9.pfb></usr/local/texlive/2022/
texmf-dist/fonts/type1/public/amsfonts/cm/cmsy10.pfb></usr/local/texlive/2022/t
exmf-dist/fonts/type1/public/amsfonts/cm/cmsy6.pfb></usr/local/texlive/2022/tex
mf-dist/fonts/type1/public/amsfonts/cm/cmsy8.pfb></usr/local/texlive/2022/texmf
-dist/fonts/type1/public/amsfonts/cm/cmti12.pfb></usr/local/texlive/2022/texmf-
dist/fonts/type1/public/amsfonts/cm/cmtt10.pfb></usr/local/texlive/2022/texmf-d
ist/fonts/type1/public/amsfonts/cm/cmtt12.pfb></usr/local/texlive/2022/texmf-di
st/fonts/type1/public/amsfonts/cm/cmtt9.pfb></usr/local/texlive/2022/texmf-dist
/fonts/type1/public/cm-super/sfrm1095.pfb></usr/local/texlive/2022/texmf-dist/f
onts/type1/public/cm-super/sfrm1200.pfb></usr/local/texlive/2022/texmf-dist/fon
ts/type1/public/cm-super/sfti1200.pfb>
Output written on B561-Fall-2022-assignment2.pdf (23 pages, 348665 bytes).
PDF statistics:
 200 PDF objects out of 1000 (max. 8388607)
 125 compressed objects within 2 object streams
 0 named destinations out of 1000 (max. 500000)
 1 words of extra memory for PDF output out of 10000 (max. 10000000)

